
Initilisating GA for HalfCheetah-v2

Starting Evolution

当前第1代精英return:0.130343
当前第2代精英return:0.126134
当前第3代精英return:0.293686
当前第4代精英return:0.237560
当前第5代精英return:0.118468
当前第6代精英return:0.107488
当前第7代精英return:0.072725
当前第8代精英return:-0.123345
当前第9代精英return:0.065938
当前第10代精英return:-0.069298
当前第11代精英return:0.441118
当前第12代精英return:-0.032384
当前第13代精英return:-0.132482
当前第14代精英return:-0.000352
当前第15代精英return:2.852398
当前第16代精英return:2.991976
当前第17代精英return:7.018064
当前第18代精英return:19.262800
当前第19代精英return:32.246414
当前第20代精英return:214.904419
当前第21代精英return:206.899231
当前第22代精英return:374.793304
当前第23代精英return:507.854706
当前第24代精英return:671.173218
当前第25代精英return:717.893494
当前第26代精英return:850.314331
当前第27代精英return:820.492493
当前第28代精英return:954.649780
当前第29代精英return:1129.000488
当前第30代精英return:1153.011597
当前第31代精英return:1184.633301
当前第32代精英return:1144.990723
当前第33代精英return:1284.745605
当前第34代精英return:1316.467041
当前第35代精英return:1396.923950
当前第36代精英return:1361.767944
当前第37代精英return:1380.422607
当前第38代精英return:1319.941772
当前第39代精英return:1403.989136
当前第40代精英return:1603.328247
当前第41代精英return:1565.342773
当前第42代精英return:1517.817871
当前第43代精英return:1552.787476
当前第44代精英return:1457.715698
当前第45代精英return:1678.193604
当前第46代精英return:1730.020142
当前第47代精英return:1668.530396
当前第48代精英return:1796.977295
当前第49代精英return:1773.732910
当前第50代精英return:1772.371338
当前第51代精英return:1630.882446
当前第52代精英return:1630.514404
当前第53代精英return:1685.911255
当前第54代精英return:1673.285522
当前第55代精英return:1752.419312
当前第56代精英return:1688.871826
当前第57代精英return:1669.755127
当前第58代精英return:1656.968750
当前第59代精英return:1720.451782
当前第60代精英return:1752.863159
当前第61代精英return:1798.908691
当前第62代精英return:1801.209839
当前第63代精英return:1794.063110
当前第64代精英return:1812.058105
当前第65代精英return:1760.190430
当前第66代精英return:1887.160889
当前第67代精英return:1908.435181
当前第68代精英return:1910.328491
当前第69代精英return:1939.056396
当前第70代精英return:1905.155396
当前第71代精英return:1830.220825
当前第72代精英return:1983.230469
当前第73代精英return:1913.084717
当前第74代精英return:1960.284180
当前第75代精英return:1941.498413
当前第76代精英return:2017.648438
当前第77代精英return:2018.857910
当前第78代精英return:1960.734009
当前第79代精英return:1858.709106
当前第80代精英return:1910.509277
当前第81代精英return:1938.995361
当前第82代精英return:2022.769897
当前第83代精英return:1992.949585
当前第84代精英return:2007.349976
当前第85代精英return:2034.617920
当前第86代精英return:1949.360718
当前第87代精英return:2034.004639
当前第88代精英return:2077.763672
当前第89代精英return:1959.717041
当前第90代精英return:1983.229126
当前第91代精英return:2003.761597
当前第92代精英return:2137.532471
当前第93代精英return:2089.563721
当前第94代精英return:2105.037598
当前第95代精英return:2084.457275
当前第96代精英return:2027.745483
当前第97代精英return:2099.677734
当前第98代精英return:2056.333984
当前第99代精英return:2003.539062
当前第100代精英return:2086.408203

Evolution took:  15526  seconds

