
Initilisating GA for HalfCheetah-v2

Starting Evolution

当前第1代精英return:0.007109
当前第2代精英return:0.096094
当前第3代精英return:-0.123167
当前第4代精英return:0.218779
当前第5代精英return:0.266693
当前第6代精英return:0.118633
当前第7代精英return:0.201333
当前第8代精英return:-0.086099
当前第9代精英return:-0.178743
当前第10代精英return:0.235331
当前第11代精英return:0.056019
当前第12代精英return:-0.001959
当前第13代精英return:0.068101
当前第14代精英return:0.029417
当前第15代精英return:-0.215877
当前第16代精英return:-0.164723
当前第17代精英return:-0.156868
当前第18代精英return:0.160445
当前第19代精英return:-0.191147
当前第20代精英return:-0.020241
当前第21代精英return:-0.078784
当前第22代精英return:-0.093916
当前第23代精英return:-0.038388
当前第24代精英return:-0.213954
当前第25代精英return:-0.401929
当前第26代精英return:17.981253
当前第27代精英return:83.819328
当前第28代精英return:127.557343
当前第29代精英return:52.344883
当前第30代精英return:110.187798
当前第31代精英return:149.951233
当前第32代精英return:257.682495
当前第33代精英return:206.229218
当前第34代精英return:215.738876
当前第35代精英return:282.609711
当前第36代精英return:362.659393
当前第37代精英return:391.675446
当前第38代精英return:557.878174
当前第39代精英return:369.486633
当前第40代精英return:777.216797
当前第41代精英return:806.026062
当前第42代精英return:894.388672
当前第43代精英return:953.131775
当前第44代精英return:1218.124878
当前第45代精英return:1196.912354
当前第46代精英return:1508.372192
当前第47代精英return:1282.638794
当前第48代精英return:1462.586182
当前第49代精英return:1508.526489
当前第50代精英return:1738.384521
当前第51代精英return:1557.914307
当前第52代精英return:1646.508057
当前第53代精英return:1790.292358
当前第54代精英return:1653.371704
当前第55代精英return:1731.770874
当前第56代精英return:1851.554932
当前第57代精英return:1921.422119
当前第58代精英return:1917.983765
当前第59代精英return:2078.822266
当前第60代精英return:2132.361084
当前第61代精英return:2220.705078
当前第62代精英return:2165.735352
当前第63代精英return:2283.900391
当前第64代精英return:2687.107666
当前第65代精英return:2770.873779
当前第66代精英return:2608.802246
当前第67代精英return:2833.896240
当前第68代精英return:2757.074463
当前第69代精英return:2770.828613
当前第70代精英return:2687.439209
当前第71代精英return:2728.521729
当前第72代精英return:2741.185303
当前第73代精英return:2828.196777
当前第74代精英return:2852.487061
当前第75代精英return:2794.258789
当前第76代精英return:2839.120605
当前第77代精英return:2897.545166
当前第78代精英return:2847.172852
当前第79代精英return:2820.599609
当前第80代精英return:2937.082275
当前第81代精英return:2874.087402
当前第82代精英return:2910.705566
当前第83代精英return:2941.455322
当前第84代精英return:2974.547119
当前第85代精英return:2970.848633
当前第86代精英return:2952.587891
当前第87代精英return:2946.036865
当前第88代精英return:3067.597168
当前第89代精英return:2980.508301
当前第90代精英return:3085.436768
当前第91代精英return:3115.407471
当前第92代精英return:3053.229492
当前第93代精英return:3056.990479
当前第94代精英return:3116.410645
当前第95代精英return:3125.303223
当前第96代精英return:3093.661865
当前第97代精英return:3135.810547
当前第98代精英return:3090.130615
当前第99代精英return:3137.312256
当前第100代精英return:3203.797607

Evolution took:  15268  seconds

