
Initilisating GA for HalfCheetah-v2

Starting Evolution

当前第1代精英return:0.087424
当前第2代精英return:0.072126
当前第3代精英return:0.205209
当前第4代精英return:0.142751
当前第5代精英return:-0.143404
当前第6代精英return:0.165921
当前第7代精英return:-0.216467
当前第8代精英return:0.182899
当前第9代精英return:-0.105115
当前第10代精英return:-0.066513
当前第11代精英return:0.211735
当前第12代精英return:-0.127442
当前第13代精英return:0.075198
当前第14代精英return:-0.175068
当前第15代精英return:-0.013786
当前第16代精英return:-0.138245
当前第17代精英return:-0.015123
当前第18代精英return:-0.036153
当前第19代精英return:-0.118731
当前第20代精英return:-0.216328
当前第21代精英return:-0.147928
当前第22代精英return:-0.189172
当前第23代精英return:-0.124382
当前第24代精英return:-0.133934
当前第25代精英return:-0.108702
当前第26代精英return:-0.302594
当前第27代精英return:-0.036414
当前第28代精英return:3.703325
当前第29代精英return:60.060989
当前第30代精英return:79.478447
当前第31代精英return:190.938339
当前第32代精英return:280.097168
当前第33代精英return:201.080780
当前第34代精英return:477.672485
当前第35代精英return:524.858459
当前第36代精英return:534.020691
当前第37代精英return:807.329834
当前第38代精英return:670.812256
当前第39代精英return:936.048401
当前第40代精英return:929.962891
当前第41代精英return:1375.050659
当前第42代精英return:1547.706787
当前第43代精英return:1499.637939
当前第44代精英return:1815.478882
当前第45代精英return:1704.295410
当前第46代精英return:1834.641113
当前第47代精英return:1998.520874
当前第48代精英return:1885.846436
当前第49代精英return:1899.946533
当前第50代精英return:2037.687744
当前第51代精英return:2212.446533
当前第52代精英return:2411.906494
当前第53代精英return:2307.300293
当前第54代精英return:2519.812500
当前第55代精英return:2561.094727
当前第56代精英return:2577.543213
当前第57代精英return:2554.305908
当前第58代精英return:3127.911377
当前第59代精英return:2732.212891
当前第60代精英return:2934.516357
当前第61代精英return:2907.572021
当前第62代精英return:2878.697754
当前第63代精英return:2906.750000
当前第64代精英return:2962.710938
当前第65代精英return:2914.073975
当前第66代精英return:2996.711670
当前第67代精英return:3076.854248
当前第68代精英return:3209.857422
当前第69代精英return:3308.574707
当前第70代精英return:3132.298340
当前第71代精英return:3351.186035
当前第72代精英return:3372.331055
当前第73代精英return:3375.882080
当前第74代精英return:3396.650635
当前第75代精英return:3483.162842
当前第76代精英return:3367.465576
当前第77代精英return:3617.245361
当前第78代精英return:3723.786377
当前第79代精英return:3719.823486
当前第80代精英return:3734.122803
当前第81代精英return:3706.276611
当前第82代精英return:4007.568848
当前第83代精英return:4125.022949
当前第84代精英return:4086.776367
当前第85代精英return:4144.074219
当前第86代精英return:4242.287598
当前第87代精英return:4437.088867
当前第88代精英return:4383.898438
当前第89代精英return:4323.847168
当前第90代精英return:4409.750000
当前第91代精英return:4356.444336
当前第92代精英return:4384.718750
当前第93代精英return:4552.517578
当前第94代精英return:4456.150391
当前第95代精英return:4512.533203
当前第96代精英return:4573.649902
当前第97代精英return:4620.703613
当前第98代精英return:4715.972168
当前第99代精英return:4814.193848
当前第100代精英return:4612.476562

Evolution took:  15746  seconds

