
Initilisating GA for HalfCheetah-v2

Starting Evolution

当前第1代精英return:0.137919
当前第2代精英return:-0.006896
当前第3代精英return:-0.042800
当前第4代精英return:0.295765
当前第5代精英return:-0.066190
当前第6代精英return:0.074259
当前第7代精英return:0.000270
当前第8代精英return:-0.157386
当前第9代精英return:-0.120600
当前第10代精英return:0.083611
当前第11代精英return:-0.120158
当前第12代精英return:-0.054833
当前第13代精英return:0.011796
当前第14代精英return:0.063345
当前第15代精英return:-0.257107
当前第16代精英return:-0.103985
当前第17代精英return:-0.102767
当前第18代精英return:0.165511
当前第19代精英return:-0.070430
当前第20代精英return:0.002123
当前第21代精英return:-0.197954
当前第22代精英return:-0.300624
当前第23代精英return:0.153549
当前第24代精英return:-0.084643
当前第25代精英return:25.050762
当前第26代精英return:87.895622
当前第27代精英return:100.388939
当前第28代精英return:109.982674
当前第29代精英return:135.861618
当前第30代精英return:136.347046
当前第31代精英return:158.221527
当前第32代精英return:256.677582
当前第33代精英return:422.497589
当前第34代精英return:458.686676
当前第35代精英return:481.658508
当前第36代精英return:763.889099
当前第37代精英return:760.586182
当前第38代精英return:1053.228271
当前第39代精英return:1386.175171
当前第40代精英return:1324.659546
当前第41代精英return:1484.569702
当前第42代精英return:1528.581543
当前第43代精英return:1641.270996
当前第44代精英return:1464.675049
当前第45代精英return:1791.425049
当前第46代精英return:1698.155762
当前第47代精英return:1701.124512
当前第48代精英return:1934.458252
当前第49代精英return:1856.903198
当前第50代精英return:1979.273193
当前第51代精英return:2175.912109
当前第52代精英return:2366.926514
当前第53代精英return:2151.528076
当前第54代精英return:2487.074463
当前第55代精英return:2481.831787
当前第56代精英return:2642.752197
当前第57代精英return:3093.118652
当前第58代精英return:2983.593750
当前第59代精英return:3047.960693
当前第60代精英return:2914.435303
当前第61代精英return:2840.547119
当前第62代精英return:3055.494873
当前第63代精英return:2940.641602
当前第64代精英return:3124.699707
当前第65代精英return:3052.875244
当前第66代精英return:3067.963135
当前第67代精英return:3127.785889
当前第68代精英return:3171.781738
当前第69代精英return:3166.386230
当前第70代精英return:2931.545410
当前第71代精英return:3155.232910
当前第72代精英return:3332.387939
当前第73代精英return:3261.295654
当前第74代精英return:3188.740967
当前第75代精英return:3585.762695
当前第76代精英return:3215.613037
当前第77代精英return:3310.756348
当前第78代精英return:3522.657471
当前第79代精英return:3468.085938
当前第80代精英return:3735.935547
当前第81代精英return:3431.793701
当前第82代精英return:3675.834473
当前第83代精英return:3295.417969
当前第84代精英return:3333.231201
当前第85代精英return:3390.321777
当前第86代精英return:3000.253662
当前第87代精英return:3265.785889
当前第88代精英return:3506.260010
当前第89代精英return:3097.697510
当前第90代精英return:3372.479736
当前第91代精英return:2784.515137
当前第92代精英return:3260.776123
当前第93代精英return:2937.713379
当前第94代精英return:3210.802490
当前第95代精英return:3294.080811
当前第96代精英return:3170.727783
当前第97代精英return:3222.432129
当前第98代精英return:3073.156250
当前第99代精英return:3286.847656
当前第100代精英return:3353.544189

Evolution took:  15678  seconds

