
Initilisating GA for HalfCheetah-v2

Starting Evolution

当前第1代精英return:-0.047613
当前第2代精英return:-0.019463
当前第3代精英return:-0.034067
当前第4代精英return:0.371518
当前第5代精英return:0.121585
当前第6代精英return:0.216940
当前第7代精英return:-0.040952
当前第8代精英return:0.173877
当前第9代精英return:-0.055439
当前第10代精英return:-0.140003
当前第11代精英return:-0.057628
当前第12代精英return:-0.246459
当前第13代精英return:-0.203700
当前第14代精英return:-0.252676
当前第15代精英return:-0.055594
当前第16代精英return:-0.003062
当前第17代精英return:0.014915
当前第18代精英return:0.043345
当前第19代精英return:-0.188291
当前第20代精英return:0.029899
当前第21代精英return:0.863562
当前第22代精英return:0.898576
当前第23代精英return:2.020873
当前第24代精英return:71.773781
当前第25代精英return:128.861359
当前第26代精英return:74.310699
当前第27代精英return:248.995850
当前第28代精英return:438.918182
当前第29代精英return:300.538116
当前第30代精英return:346.123718
当前第31代精英return:487.755219
当前第32代精英return:587.651672
当前第33代精英return:623.359497
当前第34代精英return:743.995239
当前第35代精英return:689.165771
当前第36代精英return:697.051331
当前第37代精英return:829.724426
当前第38代精英return:815.477356
当前第39代精英return:858.016418
当前第40代精英return:1127.366821
当前第41代精英return:1110.418213
当前第42代精英return:1058.847046
当前第43代精英return:1125.639160
当前第44代精英return:1006.723389
当前第45代精英return:1087.136353
当前第46代精英return:1340.029419
当前第47代精英return:1138.776001
当前第48代精英return:1325.139526
当前第49代精英return:1390.484863
当前第50代精英return:1294.292358
当前第51代精英return:1343.121704
当前第52代精英return:1362.558838
当前第53代精英return:1394.024536
当前第54代精英return:1311.993652
当前第55代精英return:1295.821777
当前第56代精英return:1389.287231
当前第57代精英return:1491.610474
当前第58代精英return:1548.306152
当前第59代精英return:1445.125854
当前第60代精英return:1606.851807
当前第61代精英return:1622.753052
当前第62代精英return:1737.330566
当前第63代精英return:1648.401001
当前第64代精英return:1634.041504
当前第65代精英return:1605.521851
当前第66代精英return:1577.467529
当前第67代精英return:1669.828491
当前第68代精英return:1637.633301
当前第69代精英return:1687.754639
当前第70代精英return:1687.372437
当前第71代精英return:1685.132568
当前第72代精英return:1686.263306
当前第73代精英return:1666.505615
当前第74代精英return:1584.494263
当前第75代精英return:1734.139160
当前第76代精英return:1657.452515
当前第77代精英return:1605.095947
当前第78代精英return:1775.505737
当前第79代精英return:1681.071045
当前第80代精英return:1841.508545
当前第81代精英return:1735.451660
当前第82代精英return:1678.912109
当前第83代精英return:1690.872192
当前第84代精英return:1814.275024
当前第85代精英return:1894.764038
当前第86代精英return:1700.317627
当前第87代精英return:1638.235229
当前第88代精英return:1625.046875
当前第89代精英return:1765.072266
当前第90代精英return:1752.861328
当前第91代精英return:1782.667236
当前第92代精英return:2106.603516
当前第93代精英return:1882.246704
当前第94代精英return:1866.576660
当前第95代精英return:1769.979004
当前第96代精英return:1951.677979
当前第97代精英return:1996.836304
当前第98代精英return:1912.140137
当前第99代精英return:1993.458862
当前第100代精英return:1977.139648

Evolution took:  15725  seconds

