
Initilisating GA for HalfCheetah-v2

Starting Evolution

当前第1代精英return:-0.036579
当前第2代精英return:-0.017389
当前第3代精英return:0.185353
当前第4代精英return:-0.089929
当前第5代精英return:-0.086141
当前第6代精英return:0.268052
当前第7代精英return:0.018451
当前第8代精英return:-0.052600
当前第9代精英return:-0.023692
当前第10代精英return:0.108967
当前第11代精英return:-0.144513
当前第12代精英return:-0.022692
当前第13代精英return:-0.110154
当前第14代精英return:-0.019556
当前第15代精英return:0.100897
当前第16代精英return:-0.226219
当前第17代精英return:-0.314156
当前第18代精英return:-0.023248
当前第19代精英return:-0.232189
当前第20代精英return:-0.088925
当前第21代精英return:-0.116508
当前第22代精英return:1.259918
当前第23代精英return:5.251668
当前第24代精英return:0.557147
当前第25代精英return:2.490852
当前第26代精英return:4.816996
当前第27代精英return:41.560852
当前第28代精英return:1.939004
当前第29代精英return:5.203540
当前第30代精英return:30.580458
当前第31代精英return:154.026947
当前第32代精英return:145.651505
当前第33代精英return:132.409866
当前第34代精英return:224.757477
当前第35代精英return:263.571045
当前第36代精英return:271.111816
当前第37代精英return:377.356903
当前第38代精英return:417.329407
当前第39代精英return:441.379211
当前第40代精英return:462.843719
当前第41代精英return:501.220978
当前第42代精英return:526.540649
当前第43代精英return:486.518188
当前第44代精英return:571.986938
当前第45代精英return:615.107178
当前第46代精英return:630.118713
当前第47代精英return:636.152649
当前第48代精英return:705.480347
当前第49代精英return:681.337097
当前第50代精英return:673.125000
当前第51代精英return:678.111511
当前第52代精英return:741.388916
当前第53代精英return:813.015869
当前第54代精英return:801.452271
当前第55代精英return:866.017822
当前第56代精英return:906.381958
当前第57代精英return:902.812012
当前第58代精英return:902.900818
当前第59代精英return:1038.590454
当前第60代精英return:1140.299316
当前第61代精英return:1057.915039
当前第62代精英return:1059.787109
当前第63代精英return:1098.644531
当前第64代精英return:1176.283325
当前第65代精英return:1240.946533
当前第66代精英return:1238.325806
当前第67代精英return:1248.050415
当前第68代精英return:1401.319214
当前第69代精英return:1477.879272
当前第70代精英return:1425.953247
当前第71代精英return:1414.975708
当前第72代精英return:1457.835083
当前第73代精英return:1410.637085
当前第74代精英return:1617.749878
当前第75代精英return:1639.815674
当前第76代精英return:1501.287109
当前第77代精英return:1475.752075
当前第78代精英return:1654.235229
当前第79代精英return:1573.709595
当前第80代精英return:1642.378296
当前第81代精英return:1600.438477
当前第82代精英return:1683.517334
当前第83代精英return:1623.596680
当前第84代精英return:1716.708008
当前第85代精英return:1599.040894
当前第86代精英return:1645.969971
当前第87代精英return:1803.833008
当前第88代精英return:1803.745972
当前第89代精英return:1805.854858
当前第90代精英return:1846.693237
当前第91代精英return:1813.614258
当前第92代精英return:1886.664185
当前第93代精英return:1900.113281
当前第94代精英return:1849.723877
当前第95代精英return:2083.540283
当前第96代精英return:2081.568604
当前第97代精英return:1917.987183
当前第98代精英return:2016.642944
当前第99代精英return:2218.333740
当前第100代精英return:2141.058838

Evolution took:  17497  seconds

