
Initilisating GA for HalfCheetah-v2

Starting Evolution

当前第1代精英return:0.143253
当前第2代精英return:0.220994
当前第3代精英return:0.166439
当前第4代精英return:0.146216
当前第5代精英return:0.045591
当前第6代精英return:0.219691
当前第7代精英return:0.307225
当前第8代精英return:-0.072567
当前第9代精英return:-0.005419
当前第10代精英return:-0.118052
当前第11代精英return:-0.024464
当前第12代精英return:0.115682
当前第13代精英return:-0.019728
当前第14代精英return:-0.126585
当前第15代精英return:0.115482
当前第16代精英return:-0.074169
当前第17代精英return:-0.022896
当前第18代精英return:-0.092955
当前第19代精英return:-0.075810
当前第20代精英return:-0.106555
当前第21代精英return:-0.063694
当前第22代精英return:-0.440291
当前第23代精英return:-0.073904
当前第24代精英return:-0.150339
当前第25代精英return:-0.159727
当前第26代精英return:0.019262
当前第27代精英return:-0.505624
当前第28代精英return:-0.356227
当前第29代精英return:0.148845
当前第30代精英return:-0.396657
当前第31代精英return:-0.408218
当前第32代精英return:11.394214
当前第33代精英return:46.472561
当前第34代精英return:249.162781
当前第35代精英return:364.145721
当前第36代精英return:381.249878
当前第37代精英return:474.977081
当前第38代精英return:778.899292
当前第39代精英return:663.473999
当前第40代精英return:691.013611
当前第41代精英return:800.017761
当前第42代精英return:947.221130
当前第43代精英return:932.878235
当前第44代精英return:1097.961792
当前第45代精英return:1027.113647
当前第46代精英return:1182.771729
当前第47代精英return:1113.956665
当前第48代精英return:1202.339233
当前第49代精英return:1298.767212
当前第50代精英return:1354.962524
当前第51代精英return:1502.239624
当前第52代精英return:1383.507935
当前第53代精英return:1386.994263
当前第54代精英return:1466.145996
当前第55代精英return:1832.284912
当前第56代精英return:1715.211914
当前第57代精英return:1542.663452
当前第58代精英return:1512.236450
当前第59代精英return:1518.377197
当前第60代精英return:1519.370850
当前第61代精英return:1528.521362
当前第62代精英return:1599.426270
当前第63代精英return:1604.321289
当前第64代精英return:1589.492554
当前第65代精英return:1693.007935
当前第66代精英return:1668.908325
当前第67代精英return:1699.925659
当前第68代精英return:1640.664917
当前第69代精英return:1617.223633
当前第70代精英return:1640.315674
当前第71代精英return:1702.556763
当前第72代精英return:1698.129883
当前第73代精英return:1698.438354
当前第74代精英return:1673.722412
当前第75代精英return:1686.092529
当前第76代精英return:1704.967407
当前第77代精英return:1695.602783
当前第78代精英return:1706.931152
当前第79代精英return:1712.654053
当前第80代精英return:1710.339966
当前第81代精英return:1729.505737
当前第82代精英return:1709.812500
当前第83代精英return:1651.776733
当前第84代精英return:1726.560913
当前第85代精英return:1699.240234
当前第86代精英return:1682.385254
当前第87代精英return:1666.566162
当前第88代精英return:1695.514160
当前第89代精英return:1689.437134
当前第90代精英return:1703.575806
当前第91代精英return:1726.268311
当前第92代精英return:1713.660767
当前第93代精英return:1778.030884
当前第94代精英return:1714.297241
当前第95代精英return:1747.459961
当前第96代精英return:1676.471191
当前第97代精英return:1723.713013
当前第98代精英return:1695.797241
当前第99代精英return:1652.153076
当前第100代精英return:1693.227661

Evolution took:  15636  seconds

