
Initilisating GA for HalfCheetah-v2

Starting Evolution

当前第1代精英return:0.060252
当前第2代精英return:0.015447
当前第3代精英return:0.145399
当前第4代精英return:0.227722
当前第5代精英return:0.281229
当前第6代精英return:-0.026333
当前第7代精英return:-0.156464
当前第8代精英return:0.264051
当前第9代精英return:-0.102612
当前第10代精英return:0.003992
当前第11代精英return:0.172134
当前第12代精英return:-0.071723
当前第13代精英return:-0.068472
当前第14代精英return:-0.095258
当前第15代精英return:-0.025056
当前第16代精英return:-0.077480
当前第17代精英return:0.859930
当前第18代精英return:1.435921
当前第19代精英return:5.520391
当前第20代精英return:5.612830
当前第21代精英return:79.242256
当前第22代精英return:122.525940
当前第23代精英return:124.347588
当前第24代精英return:167.514893
当前第25代精英return:253.378891
当前第26代精英return:282.594727
当前第27代精英return:316.687164
当前第28代精英return:356.655090
当前第29代精英return:372.620453
当前第30代精英return:458.877045
当前第31代精英return:398.148254
当前第32代精英return:443.324738
当前第33代精英return:465.013153
当前第34代精英return:585.109802
当前第35代精英return:663.135559
当前第36代精英return:566.657471
当前第37代精英return:568.569336
当前第38代精英return:627.291626
当前第39代精英return:639.289368
当前第40代精英return:664.843079
当前第41代精英return:663.936646
当前第42代精英return:647.155823
当前第43代精英return:625.529968
当前第44代精英return:661.650818
当前第45代精英return:774.964661
当前第46代精英return:775.807373
当前第47代精英return:773.000549
当前第48代精英return:773.039612
当前第49代精英return:808.003601
当前第50代精英return:831.147888
当前第51代精英return:722.072815
当前第52代精英return:897.139343
当前第53代精英return:1017.572754
当前第54代精英return:933.156067
当前第55代精英return:968.346252
当前第56代精英return:957.020325
当前第57代精英return:976.370911
当前第58代精英return:1009.968140
当前第59代精英return:933.227173
当前第60代精英return:1106.041382
当前第61代精英return:1133.463013
当前第62代精英return:1030.704102
当前第63代精英return:1100.239380
当前第64代精英return:1092.575562
当前第65代精英return:1231.343872
当前第66代精英return:1293.456055
当前第67代精英return:1243.410156
当前第68代精英return:1264.927368
当前第69代精英return:1300.438232
当前第70代精英return:1293.014282
当前第71代精英return:1308.822632
当前第72代精英return:1363.408203
当前第73代精英return:1312.908081
当前第74代精英return:1376.530151
当前第75代精英return:1382.387329
当前第76代精英return:1357.362305
当前第77代精英return:1519.018433
当前第78代精英return:1381.325928
当前第79代精英return:1504.801392
当前第80代精英return:1338.549072
当前第81代精英return:1464.400513
当前第82代精英return:1384.438232
当前第83代精英return:1415.526611
当前第84代精英return:1575.229370
当前第85代精英return:1555.339355
当前第86代精英return:1480.154785
当前第87代精英return:1570.950684
当前第88代精英return:1645.594849
当前第89代精英return:1530.664429
当前第90代精英return:1615.440552
当前第91代精英return:1532.529053
当前第92代精英return:1598.735718
当前第93代精英return:1607.571045
当前第94代精英return:1587.145142
当前第95代精英return:1610.338257
当前第96代精英return:1567.220215
当前第97代精英return:1586.162720
当前第98代精英return:1592.660889
当前第99代精英return:1583.864624
当前第100代精英return:1538.932373

Evolution took:  15775  seconds

