
Initilisating GA for HalfCheetah-v2

Starting Evolution

当前第1代精英return:-0.147367
当前第2代精英return:-0.099807
当前第3代精英return:0.027821
当前第4代精英return:0.059900
当前第5代精英return:0.114535
当前第6代精英return:0.120120
当前第7代精英return:0.200210
当前第8代精英return:0.073526
当前第9代精英return:0.010959
当前第10代精英return:0.169594
当前第11代精英return:0.193622
当前第12代精英return:-0.082079
当前第13代精英return:-0.166222
当前第14代精英return:0.339430
当前第15代精英return:-0.168139
当前第16代精英return:-0.247721
当前第17代精英return:-0.029577
当前第18代精英return:-0.269501
当前第19代精英return:-0.021075
当前第20代精英return:0.277602
当前第21代精英return:0.137514
当前第22代精英return:-0.241878
当前第23代精英return:0.103086
当前第24代精英return:9.122064
当前第25代精英return:8.565380
当前第26代精英return:5.838782
当前第27代精英return:32.932842
当前第28代精英return:256.559113
当前第29代精英return:78.778320
当前第30代精英return:154.727997
当前第31代精英return:173.945419
当前第32代精英return:311.264404
当前第33代精英return:371.851013
当前第34代精英return:318.300293
当前第35代精英return:502.977386
当前第36代精英return:540.983887
当前第37代精英return:696.949707
当前第38代精英return:709.299927
当前第39代精英return:866.179504
当前第40代精英return:856.273743
当前第41代精英return:880.510376
当前第42代精英return:1008.400330
当前第43代精英return:963.504578
当前第44代精英return:1083.769531
当前第45代精英return:1122.832520
当前第46代精英return:1182.192383
当前第47代精英return:1439.826904
当前第48代精英return:1376.264893
当前第49代精英return:1386.614868
当前第50代精英return:1472.352295
当前第51代精英return:1459.087402
当前第52代精英return:1425.312012
当前第53代精英return:1462.996826
当前第54代精英return:1543.965210
当前第55代精英return:1541.815430
当前第56代精英return:1578.925293
当前第57代精英return:1590.218384
当前第58代精英return:1618.246338
当前第59代精英return:1625.793945
当前第60代精英return:1634.007568
当前第61代精英return:1643.714355
当前第62代精英return:1635.023560
当前第63代精英return:1744.781982
当前第64代精英return:1684.038208
当前第65代精英return:1658.907104
当前第66代精英return:1722.769775
当前第67代精英return:1636.826782
当前第68代精英return:1649.837158
当前第69代精英return:1680.059570
当前第70代精英return:1632.395752
当前第71代精英return:1655.237061
当前第72代精英return:1687.740356
当前第73代精英return:1654.242432
当前第74代精英return:1676.264526
当前第75代精英return:1691.289429
当前第76代精英return:1683.578613
当前第77代精英return:1676.820190
当前第78代精英return:1724.131226
当前第79代精英return:1647.191284
当前第80代精英return:1655.312866
当前第81代精英return:1622.469727
当前第82代精英return:1678.031616
当前第83代精英return:1651.817383
当前第84代精英return:1660.734253
当前第85代精英return:1695.103394
当前第86代精英return:1725.415161
当前第87代精英return:1708.680908
当前第88代精英return:1779.896973
当前第89代精英return:1711.464966
当前第90代精英return:1716.442627
当前第91代精英return:1705.700073
当前第92代精英return:1696.323608
当前第93代精英return:1687.371338
当前第94代精英return:1674.208130
当前第95代精英return:1696.287598
当前第96代精英return:1741.001099
当前第97代精英return:1723.046143
当前第98代精英return:1706.391479
当前第99代精英return:1711.536743
当前第100代精英return:1705.895630

Evolution took:  15564  seconds

