
Initilisating GA for HalfCheetah-v2

Starting Evolution

当前第1代精英return:0.134460
当前第2代精英return:0.182953
当前第3代精英return:0.169947
当前第4代精英return:0.025743
当前第5代精英return:-0.002251
当前第6代精英return:0.062646
当前第7代精英return:0.060755
当前第8代精英return:0.024589
当前第9代精英return:-0.190570
当前第10代精英return:0.031702
当前第11代精英return:0.016783
当前第12代精英return:-0.019054
当前第13代精英return:0.047613
当前第14代精英return:0.040574
当前第15代精英return:-0.005365
当前第16代精英return:-0.109625
当前第17代精英return:-0.171427
当前第18代精英return:-0.103904
当前第19代精英return:-0.080721
当前第20代精英return:-0.218792
当前第21代精英return:0.064922
当前第22代精英return:-0.062312
当前第23代精英return:-0.189968
当前第24代精英return:5.179388
当前第25代精英return:11.605164
当前第26代精英return:10.932467
当前第27代精英return:20.587456
当前第28代精英return:95.760414
当前第29代精英return:152.820419
当前第30代精英return:279.054016
当前第31代精英return:239.223648
当前第32代精英return:314.114044
当前第33代精英return:358.478516
当前第34代精英return:430.299957
当前第35代精英return:717.176025
当前第36代精英return:524.788147
当前第37代精英return:611.214478
当前第38代精英return:631.082520
当前第39代精英return:632.000854
当前第40代精英return:696.365356
当前第41代精英return:672.065125
当前第42代精英return:744.672363
当前第43代精英return:781.741028
当前第44代精英return:831.266357
当前第45代精英return:832.091614
当前第46代精英return:881.578430
当前第47代精英return:919.292847
当前第48代精英return:917.616699
当前第49代精英return:972.933167
当前第50代精英return:994.279053
当前第51代精英return:1014.398743
当前第52代精英return:1050.613770
当前第53代精英return:1026.486694
当前第54代精英return:1046.927368
当前第55代精英return:1092.570557
当前第56代精英return:1107.291016
当前第57代精英return:1125.091309
当前第58代精英return:1180.175903
当前第59代精英return:1117.664429
当前第60代精英return:1193.141846
当前第61代精英return:1212.567749
当前第62代精英return:1258.291382
当前第63代精英return:1250.312256
当前第64代精英return:1280.184814
当前第65代精英return:1270.229980
当前第66代精英return:1302.168823
当前第67代精英return:1332.214478
当前第68代精英return:1335.110352
当前第69代精英return:1367.862427
当前第70代精英return:1372.976196
当前第71代精英return:1432.660522
当前第72代精英return:1402.129272
当前第73代精英return:1392.854004
当前第74代精英return:1474.605225
当前第75代精英return:1408.710327
当前第76代精英return:1510.177612
当前第77代精英return:1555.746582
当前第78代精英return:1523.806396
当前第79代精英return:1518.096680
当前第80代精英return:1572.509766
当前第81代精英return:1556.546753
当前第82代精英return:1669.762451
当前第83代精英return:1670.697754
当前第84代精英return:1629.054199
当前第85代精英return:1750.107544
当前第86代精英return:1671.073242
当前第87代精英return:1771.753784
当前第88代精英return:1818.025879
当前第89代精英return:1776.424805
当前第90代精英return:1831.918457
当前第91代精英return:1858.978027
当前第92代精英return:1770.090210
当前第93代精英return:1723.475952
当前第94代精英return:1882.513794
当前第95代精英return:1901.115112
当前第96代精英return:1930.750854
当前第97代精英return:2033.122925
当前第98代精英return:2060.933594
当前第99代精英return:1935.096313
当前第100代精英return:1898.444580

Evolution took:  15578  seconds

